<?xml version="1.0" encoding="UTF-8"?>
<!-- Generated by org.testng.reporters.JUnitReportReporter -->
<testsuite hostname="LAPTOP-CQ5F5C01" failures="0" tests="3" name="testPages.TestCreateAccountPage" time="79.530" errors="0" timestamp="2023-12-22T20:20:41 IST" skipped="0">
  <testcase classname="testPages.TestCreateAccountPage" name="testCreateAccount_Homepage" time="29.608"/>
  <testcase classname="testPages.TestCreateAccountPage" name="testCreateAccount_Homepage" time="25.248"/>
  <testcase classname="testPages.TestCreateAccountPage" name="testCreateAccount_Homepage" time="24.674"/>
</testsuite> <!-- testPages.TestCreateAccountPage -->
