<?xml version="1.0" encoding="UTF-8"?>
<!-- Generated by org.testng.reporters.JUnitReportReporter -->
<testsuite hostname="LAPTOP-CQ5F5C01" failures="0" tests="1" name="testPages.browseropen" time="5.763" errors="0" timestamp="2023-12-04T20:37:28 IST" skipped="0">
  <testcase classname="testPages.browseropen" name="t1" time="5.763"/>
</testsuite> <!-- testPages.browseropen -->
