<?xml version="1.0" encoding="UTF-8"?>
<!-- Generated by org.testng.reporters.JUnitReportReporter -->
<testsuite hostname="LAPTOP-CQ5F5C01" failures="0" tests="4" name="testPages.TestHomePage" time="44.021" errors="0" timestamp="2023-12-14T20:10:43 IST" skipped="0">
  <testcase classname="testPages.TestHomePage" name="testCreateAccount" time="13.629"/>
  <testcase classname="testPages.TestHomePage" name="testPageTitle" time="9.467"/>
  <testcase classname="testPages.TestHomePage" name="testSignIn" time="13.285"/>
  <testcase classname="testPages.TestHomePage" name="testPageLogo" time="7.640"/>
</testsuite> <!-- testPages.TestHomePage -->
